Starting fastman92 limit adjuster 5.0, compilation time: Feb  9 2020 19:44:28 (UTC)
Website: http://fastman92.com

Launch time: 26-12-2021 5:46:26 (UTC)
Launched during the day.

Solution platform: ANDROID_ARM32
Game detected: GTA SA 2.00
Game uses dynamic image base? Yes
Game preferred image base: 0x0
Game current image base: 0xC5E97000

Delayed processing of limits? Yes

Package name: com.rockstargames.gtasa
Root base directory: /storage/emulated/0
Root directory: /storage/emulated/0/Android/data/com.rockstargames.gtasa/files/
Initial directory: /
INI filename: fastman92limitAdjuster_GTASA.ini

---------------------------------------------
---------------------------------------------
---------------------------------------------
Trying to load CLEO: /data/app/com.rockstargames.gtasa-8Cbk_gpZAaVmHHlk1PgtYw==/lib/arm/libcleo.so
CLEO loaded
Number of memory changes made: 8
---------------------------------------------